\BOOKMARK [1][-]{section.1}{\376\377\225\356\230\230\200\314\146\157\116\016\221\315\217\360}{}% 1
\BOOKMARK [2][-]{subsection.1.1}{\376\377\225\356\230\230\200\314\146\157}{section.1}% 2
\BOOKMARK [2][-]{subsection.1.2}{\376\377\225\356\230\230\221\315\217\360}{section.1}% 3
\BOOKMARK [1][-]{section.2}{\376\377\225\356\230\230\122\006\147\220}{}% 4
\BOOKMARK [2][-]{subsection.2.1}{\376\377\225\356\230\230\0001\166\204\122\006\147\220}{section.2}% 5
\BOOKMARK [2][-]{subsection.2.2}{\376\377\225\356\230\230\0002\166\204\122\006\147\220}{section.2}% 6
\BOOKMARK [1][-]{section.3}{\376\377\152\041\127\213\121\306\131\007}{}% 7
\BOOKMARK [2][-]{subsection.3.1}{\376\377\152\041\127\213\120\107\213\276}{section.3}% 8
\BOOKMARK [2][-]{subsection.3.2}{\376\377\173\046\123\367\213\364\146\016}{section.3}% 9
\BOOKMARK [1][-]{section.4}{\376\377\152\041\127\213\166\204\136\372\172\313\116\016\154\102\211\343}{}% 10
\BOOKMARK [2][-]{subsection.4.1}{\376\377\152\041\127\213\0001}{section.4}% 11
\BOOKMARK [2][-]{subsection.4.2}{\376\377\152\041\127\213\0002}{section.4}% 12
\BOOKMARK [1][-]{section.5}{\376\377\176\323\147\234\166\204\122\006\147\220\116\016\150\300\232\214}{}% 13
\BOOKMARK [2][-]{subsection.5.1}{\376\377\225\356\230\230\166\204\176\323\147\234}{section.5}% 14
\BOOKMARK [2][-]{subsection.5.2}{\376\377\152\041\127\213\166\204\150\300\232\214}{section.5}% 15
\BOOKMARK [1][-]{section.6}{\376\377\152\041\127\213\166\204\117\030\177\072\160\271\122\006\147\220}{}% 16
\BOOKMARK [2][-]{subsection.6.1}{\376\377\152\041\127\213\166\204\117\030\160\271}{section.6}% 17
\BOOKMARK [2][-]{subsection.6.2}{\376\377\152\041\127\213\166\204\177\072\160\271\116\016\145\071\217\333}{section.6}% 18
\BOOKMARK [1][-]{appendix.a.A}{\376\377\142\100\165\050\217\157\116\366}{}% 19
\BOOKMARK [1][-]{appendix.a.B}{\376\377\116\343\170\001}{}% 20
